<?xml version="1.0" encoding="UTF-8"?>
<testng-results skipped="0" failed="0" total="1" passed="1">
  <reporter-output>
  </reporter-output>
  <suite name="Default suite" duration-ms="23" started-at="2015-01-25T16:25:08Z" finished-at="2015-01-25T16:25:08Z">
    <groups>
    </groups>
    <test name="Default test" duration-ms="23" started-at="2015-01-25T16:25:08Z" finished-at="2015-01-25T16:25:08Z">
      <class name="com.sample.TestNGParameterExample">
        <test-method status="PASS" signature="readingParamValuesFromTestNGSuite(java.lang.String)[pri:0, instance:com.sample.TestNGParameterExample@26538d04]" name="readingParamValuesFromTestNGSuite" duration-ms="10" started-at="2015-01-25T08:25:08Z" finished-at="2015-01-25T08:25:08Z">
          <params>
            <param index="0">
              <value is-null="true"/>
            </param>
          </params>
          <reporter-output>
          </reporter-output>
        </test-method> <!-- readingParamValuesFromTestNGSuite -->
      </class> <!-- com.sample.TestNGParameterExample -->
    </test> <!-- Default test -->
  </suite> <!-- Default suite -->
</testng-results>
